nohup: ignoring input

> almas-dimas-frontend@0.0.0 dev
> vite

Port 3000 is in use, trying another one...
Port 3001 is in use, trying another one...
Port 3002 is in use, trying another one...

  VITE v5.4.19  ready in 194 ms

  ➜  Local:   http://localhost:3003/
  ➜  Network: http://169.254.0.21:3003/
3:42:09 AM [vite] vite.config.js changed, restarting server...
3:42:09 AM [vite] server restarted.
3:42:37 AM [vite] vite.config.js changed, restarting server...
3:42:37 AM [vite] server restarted.
3:44:58 AM [vite] .env changed, restarting server...
3:44:58 AM [vite] server restarted.
3:45:29 AM [vite] vite.config.js changed, restarting server...
3:45:29 AM [vite] server restarted.
] vite.config.js changed, restarting server...
failed to load config from /home/ubuntu/frontend/vite.config.js
3:45:29 AM [vite] config must export or return an object.
3:45:29 AM [vite] server restart failed
